<?xml version="1.0" encoding="UTF-8"?>
<!-- Generated by org.testng.reporters.JUnitXMLReporter -->
<testsuite ignored="4" hostname="IN-B7KRXM3" failures="0" tests="1" name="Default test" time="6.052" errors="0" timestamp="2023-01-31T16:01:26 IST">
  <testcase classname="testcases.ShopTest" name="Searchh" time="2.405"/>
  <testcase classname="testcases.ShopTest" name="AddToCart" time="0.0">
    <ignored/>
  </testcase> <!-- AddToCart -->
  <testcase classname="testcases.ShopTest" name="FailedPlaceOrder" time="0.0">
    <ignored/>
  </testcase> <!-- FailedPlaceOrder -->
  <testcase classname="testcases.ShopTest" name="FailedAddToCart" time="0.0">
    <ignored/>
  </testcase> <!-- FailedAddToCart -->
  <testcase classname="testcases.ShopTest" name="PlaceOrder" time="0.0">
    <ignored/>
  </testcase> <!-- PlaceOrder -->
</testsuite> <!-- Default test -->
